<?xml version="1.0" encoding="UTF-8"?>
<!-- Generated by org.testng.reporters.JUnitReportReporter -->
<testsuite hostname="sangeetha" failures="0" tests="1" name="com.actitime.testscript.CustomerModule" time="41.228" errors="0" timestamp="2023-12-10T14:15:34 IST" skipped="0">
  <testcase classname="com.actitime.testscript.CustomerModule" name="createAndDeleteCustomer" time="41.228"/>
</testsuite> <!-- com.actitime.testscript.CustomerModule -->
